<?xml version="1.0" encoding="UTF-8"?>
<!-- Generated by org.testng.reporters.JUnitReportReporter -->
<testsuite hostname="sb-Inspiron-5558" failures="0" tests="1" name="com.inetbanking.testCases.TC_LoginTest_001" time="7.945" errors="0" timestamp="17 Jun 2019 19:19:34 GMT" skipped="0">
  <testcase classname="com.inetbanking.testCases.TC_LoginTest_001" name="loginTest" time="7.945"/>
</testsuite> <!-- com.inetbanking.testCases.TC_LoginTest_001 -->
