<?xml version="1.0" encoding="UTF-8"?>
<!-- Generated by org.testng.reporters.JUnitReportReporter -->
<testsuite hostname="sb-HP-Pavilion-Sleekbook-15-PC" failures="0" tests="1" name="com.inetbanking.testCases.TC_3" time="0.000" errors="0" timestamp="24 Jun 2019 05:55:19 GMT" skipped="1">
  <testcase classname="com.inetbanking.testCases.TC_3" name="AddUser" time="0.000">
    <skipped/>
  </testcase> <!-- AddUser -->
</testsuite> <!-- com.inetbanking.testCases.TC_3 -->
