<?xml version="1.0" encoding="UTF-8"?>
<!-- Generated by org.testng.reporters.JUnitReportReporter -->
<testsuite skipped="0" hostname="sb-HP-Pavilion-Sleekbook-15-PC" name="com.inetbanking.testCases.TC_LoginTest_001" tests="1" failures="0" timestamp="13 Jun 2019 14:28:04 GMT" time="23.942" errors="0">
  <testcase name="loginTest" time="23.942" classname="com.inetbanking.testCases.TC_LoginTest_001"/>
</testsuite> <!-- com.inetbanking.testCases.TC_LoginTest_001 -->
